# JRE version: Java(TM) SE Runtime Environment (8.0_391) (build 1.8.0_391-b13)
# Java VM: Java HotSpot(TM) 64-Bit Server VM (25.391-b13 mixed mode windows-amd64 compressed oops)
Heap:
 PSYoungGen      total 153600K, used 132222K [0x000000076b580000, 0x0000000779600000, 0x00000007c0000000)
  eden space 140288K, 94% used [0x000000076b580000,0x000000077369f950,0x0000000773e80000)
  from space 13312K, 0% used [0x0000000774b00000,0x0000000774b00000,0x0000000775800000)
  to   space 12800K, 0% used [0x0000000773e80000,0x0000000773e80000,0x0000000774b00000)
 ParOldGen       total 104448K, used 12579K [0x00000006c2000000, 0x00000006c8600000, 0x000000076b580000)
  object space 104448K, 12% used [0x00000006c2000000,0x00000006c2c48d58,0x00000006c8600000)
 Metaspace       used 47343K, capacity 49842K, committed 50176K, reserved 1093632K
  class space    used 6352K, capacity 6814K, committed 6912K, reserved 1048576K
GC Heap History (10 events):
Event: 3.226 GC heap before
{Heap before GC invocations=4 (full 1):
 PSYoungGen      total 75776K, used 6710K [0x000000076b580000, 0x0000000774980000, 0x00000007c0000000)
  eden space 65024K, 0% used [0x000000076b580000,0x000000076b580000,0x000000076f500000)
  from space 10752K, 62% used [0x000000076f500000,0x000000076fb8d968,0x000000076ff80000)
  to   space 10752K, 0% used [0x0000000773f00000,0x0000000773f00000,0x0000000774980000)
 ParOldGen       total 173568K, used 32K [0x00000006c2000000, 0x00000006cc980000, 0x000000076b580000)
  object space 173568K, 0% used [0x00000006c2000000,0x00000006c2008000,0x00000006cc980000)
 Metaspace       used 20355K, capacity 21148K, committed 21296K, reserved 1069056K
  class space    used 2506K, capacity 2677K, committed 2688K, reserved 1048576K
Event: 3.262 GC heap after
Heap after GC invocations=4 (full 1):
 PSYoungGen      total 75776K, used 0K [0x000000076b580000, 0x0000000774980000, 0x00000007c0000000)
  eden space 65024K, 0% used [0x000000076b580000,0x000000076b580000,0x000000076f500000)
  from space 10752K, 0% used [0x000000076f500000,0x000000076f500000,0x000000076ff80000)
  to   space 10752K, 0% used [0x0000000773f00000,0x0000000773f00000,0x0000000774980000)
 ParOldGen       total 104448K, used 6512K [0x00000006c2000000, 0x00000006c8600000, 0x000000076b580000)
  object space 104448K, 6% used [0x00000006c2000000,0x00000006c265c0f8,0x00000006c8600000)
 Metaspace       used 20355K, capacity 21148K, committed 21296K, reserved 1069056K
  class space    used 2506K, capacity 2677K, committed 2688K, reserved 1048576K
}
Event: 4.415 GC heap before
{Heap before GC invocations=5 (full 1):
 PSYoungGen      total 75776K, used 65024K [0x000000076b580000, 0x0000000774980000, 0x00000007c0000000)
  eden space 65024K, 100% used [0x000000076b580000,0x000000076f500000,0x000000076f500000)
  from space 10752K, 0% used [0x000000076f500000,0x000000076f500000,0x000000076ff80000)
  to   space 10752K, 0% used [0x0000000773f00000,0x0000000773f00000,0x0000000774980000)
 ParOldGen       total 104448K, used 6512K [0x00000006c2000000, 0x00000006c8600000, 0x000000076b580000)
  object space 104448K, 6% used [0x00000006c2000000,0x00000006c265c0f8,0x00000006c8600000)
 Metaspace       used 23404K, capacity 24702K, committed 24960K, reserved 1071104K
  class space    used 2920K, capacity 3163K, committed 3200K, reserved 1048576K
Event: 4.424 GC heap after
Heap after GC invocations=5 (full 1):
 PSYoungGen      total 102400K, used 5816K [0x000000076b580000, 0x0000000774500000, 0x00000007c0000000)
  eden space 96256K, 0% used [0x000000076b580000,0x000000076b580000,0x0000000771380000)
  from space 6144K, 94% used [0x0000000773f00000,0x00000007744ae3b8,0x0000000774500000)
  to   space 10752K, 0% used [0x0000000773000000,0x0000000773000000,0x0000000773a80000)
 ParOldGen       total 104448K, used 6520K [0x00000006c2000000, 0x00000006c8600000, 0x000000076b580000)
  object space 104448K, 6% used [0x00000006c2000000,0x00000006c265e0f8,0x00000006c8600000)
 Metaspace       used 23404K, capacity 24702K, committed 24960K, reserved 1071104K
  class space    used 2920K, capacity 3163K, committed 3200K, reserved 1048576K
}
Event: 7.630 GC heap before
{Heap before GC invocations=6 (full 1):
 PSYoungGen      total 102400K, used 102072K [0x000000076b580000, 0x0000000774500000, 0x00000007c0000000)
  eden space 96256K, 100% used [0x000000076b580000,0x0000000771380000,0x0000000771380000)
  from space 6144K, 94% used [0x0000000773f00000,0x00000007744ae3b8,0x0000000774500000)
  to   space 10752K, 0% used [0x0000000773000000,0x0000000773000000,0x0000000773a80000)
 ParOldGen       total 104448K, used 6520K [0x00000006c2000000, 0x00000006c8600000, 0x000000076b580000)
  object space 104448K, 6% used [0x00000006c2000000,0x00000006c265e0f8,0x00000006c8600000)
 Metaspace       used 32243K, capacity 34368K, committed 34432K, reserved 1079296K
  class space    used 4089K, capacity 4446K, committed 4480K, reserved 1048576K
Event: 7.649 GC heap after
Heap after GC invocations=6 (full 1):
 PSYoungGen      total 136192K, used 10732K [0x000000076b580000, 0x0000000775800000, 0x00000007c0000000)
  eden space 125440K, 0% used [0x000000076b580000,0x000000076b580000,0x0000000773000000)
  from space 10752K, 99% used [0x0000000773000000,0x0000000773a7b0b8,0x0000000773a80000)
  to   space 13312K, 0% used [0x0000000774b00000,0x0000000774b00000,0x0000000775800000)
 ParOldGen       total 104448K, used 8327K [0x00000006c2000000, 0x00000006c8600000, 0x000000076b580000)
  object space 104448K, 7% used [0x00000006c2000000,0x00000006c2821f80,0x00000006c8600000)
 Metaspace       used 32243K, capacity 34368K, committed 34432K, reserved 1079296K
  class space    used 4089K, capacity 4446K, committed 4480K, reserved 1048576K
}
Event: 8.705 GC heap before
{Heap before GC invocations=7 (full 1):
 PSYoungGen      total 136192K, used 24581K [0x000000076b580000, 0x0000000775800000, 0x00000007c0000000)
  eden space 125440K, 11% used [0x000000076b580000,0x000000076c3063a0,0x0000000773000000)
  from space 10752K, 99% used [0x0000000773000000,0x0000000773a7b0b8,0x0000000773a80000)
  to   space 13312K, 0% used [0x0000000774b00000,0x0000000774b00000,0x0000000775800000)
 ParOldGen       total 104448K, used 8327K [0x00000006c2000000, 0x00000006c8600000, 0x000000076b580000)
  object space 104448K, 7% used [0x00000006c2000000,0x00000006c2821f80,0x00000006c8600000)
 Metaspace       used 33234K, capacity 35350K, committed 35496K, reserved 1081344K
  class space    used 4248K, capacity 4591K, committed 4608K, reserved 1048576K
Event: 8.757 GC heap after
Heap after GC invocations=7 (full 1):
 PSYoungGen      total 153600K, used 8315K [0x000000076b580000, 0x0000000779600000, 0x00000007c0000000)
  eden space 140288K, 0% used [0x000000076b580000,0x000000076b580000,0x0000000773e80000)
  from space 13312K, 62% used [0x0000000774b00000,0x000000077531efb8,0x0000000775800000)
  to   space 12800K, 0% used [0x0000000773e80000,0x0000000773e80000,0x0000000774b00000)
 ParOldGen       total 104448K, used 8335K [0x00000006c2000000, 0x00000006c8600000, 0x000000076b580000)
  object space 104448K, 7% used [0x00000006c2000000,0x00000006c2823f80,0x00000006c8600000)
 Metaspace       used 33234K, capacity 35350K, committed 35496K, reserved 1081344K
  class space    used 4248K, capacity 4591K, committed 4608K, reserved 1048576K
}
Event: 8.757 GC heap before
{Heap before GC invocations=8 (full 2):
 PSYoungGen      total 153600K, used 8315K [0x000000076b580000, 0x0000000779600000, 0x00000007c0000000)
  eden space 140288K, 0% used [0x000000076b580000,0x000000076b580000,0x0000000773e80000)
  from space 13312K, 62% used [0x0000000774b00000,0x000000077531efb8,0x0000000775800000)
  to   space 12800K, 0% used [0x0000000773e80000,0x0000000773e80000,0x0000000774b00000)
 ParOldGen       total 104448K, used 8335K [0x00000006c2000000, 0x00000006c8600000, 0x000000076b580000)
  object space 104448K, 7% used [0x00000006c2000000,0x00000006c2823f80,0x00000006c8600000)
 Metaspace       used 33234K, capacity 35350K, committed 35496K, reserved 1081344K
  class space    used 4248K, capacity 4591K, committed 4608K, reserved 1048576K
Event: 8.915 GC heap after
Heap after GC invocations=8 (full 2):
 PSYoungGen      total 153600K, used 0K [0x000000076b580000, 0x0000000779600000, 0x00000007c0000000)
  eden space 140288K, 0% used [0x000000076b580000,0x000000076b580000,0x0000000773e80000)
  from space 13312K, 0% used [0x0000000774b00000,0x0000000774b00000,0x0000000775800000)
  to   space 12800K, 0% used [0x0000000773e80000,0x0000000773e80000,0x0000000774b00000)
 ParOldGen       total 104448K, used 12579K [0x00000006c2000000, 0x00000006c8600000, 0x000000076b580000)
  object space 104448K, 12% used [0x00000006c2000000,0x00000006c2c48d58,0x00000006c8600000)
 Metaspace       used 33234K, capacity 35350K, committed 35496K, reserved 1081344K
  class space    used 4248K, capacity 4591K, committed 4608K, reserved 1048576K
}

