# JRE version: Java(TM) SE Runtime Environment (8.0_391) (build 1.8.0_391-b13)
# Java VM: Java HotSpot(TM) 64-Bit Server VM (25.391-b13 mixed mode windows-amd64 compressed oops)
Heap:
 PSYoungGen      total 102400K, used 21000K [0x000000076b580000, 0x0000000774500000, 0x00000007c0000000)
  eden space 96256K, 15% used [0x000000076b580000,0x000000076c44f188,0x0000000771380000)
  from space 6144K, 94% used [0x0000000773f00000,0x00000007744b2f68,0x0000000774500000)
  to   space 10752K, 0% used [0x0000000773000000,0x0000000773000000,0x0000000773a80000)
 ParOldGen       total 106496K, used 6552K [0x00000006c2000000, 0x00000006c8800000, 0x000000076b580000)
  object space 106496K, 6% used [0x00000006c2000000,0x00000006c2666330,0x00000006c8800000)
 Metaspace       used 24472K, capacity 25784K, committed 25856K, reserved 1071104K
  class space    used 3060K, capacity 3326K, committed 3328K, reserved 1048576K
GC Heap History (10 events):
Event: 1.857 GC heap before
{Heap before GC invocations=1 (full 0):
 PSYoungGen      total 75776K, used 65024K [0x000000076b580000, 0x0000000770a00000, 0x00000007c0000000)
  eden space 65024K, 100% used [0x000000076b580000,0x000000076f500000,0x000000076f500000)
  from space 10752K, 0% used [0x000000076ff80000,0x000000076ff80000,0x0000000770a00000)
  to   space 10752K, 0% used [0x000000076f500000,0x000000076f500000,0x000000076ff80000)
 ParOldGen       total 173568K, used 0K [0x00000006c2000000, 0x00000006cc980000, 0x000000076b580000)
  object space 173568K, 0% used [0x00000006c2000000,0x00000006c2000000,0x00000006cc980000)
 Metaspace       used 11225K, capacity 11686K, committed 11776K, reserved 1058816K
  class space    used 1330K, capacity 1462K, committed 1536K, reserved 1048576K
Event: 1.869 GC heap after
Heap after GC invocations=1 (full 0):
 PSYoungGen      total 75776K, used 7531K [0x000000076b580000, 0x0000000770a00000, 0x00000007c0000000)
  eden space 65024K, 0% used [0x000000076b580000,0x000000076b580000,0x000000076f500000)
  from space 10752K, 70% used [0x000000076f500000,0x000000076fc5aed0,0x000000076ff80000)
  to   space 10752K, 0% used [0x000000076ff80000,0x000000076ff80000,0x0000000770a00000)
 ParOldGen       total 173568K, used 16K [0x00000006c2000000, 0x00000006cc980000, 0x000000076b580000)
  object space 173568K, 0% used [0x00000006c2000000,0x00000006c2004000,0x00000006cc980000)
 Metaspace       used 11225K, capacity 11686K, committed 11776K, reserved 1058816K
  class space    used 1330K, capacity 1462K, committed 1536K, reserved 1048576K
}
Event: 2.706 GC heap before
{Heap before GC invocations=2 (full 0):
 PSYoungGen      total 75776K, used 72555K [0x000000076b580000, 0x0000000770a00000, 0x00000007c0000000)
  eden space 65024K, 100% used [0x000000076b580000,0x000000076f500000,0x000000076f500000)
  from space 10752K, 70% used [0x000000076f500000,0x000000076fc5aed0,0x000000076ff80000)
  to   space 10752K, 0% used [0x000000076ff80000,0x000000076ff80000,0x0000000770a00000)
 ParOldGen       total 173568K, used 16K [0x00000006c2000000, 0x00000006cc980000, 0x000000076b580000)
  object space 173568K, 0% used [0x00000006c2000000,0x00000006c2004000,0x00000006cc980000)
 Metaspace       used 18177K, capacity 18928K, committed 19072K, reserved 1067008K
  class space    used 2222K, capacity 2395K, committed 2432K, reserved 1048576K
Event: 2.720 GC heap after
Heap after GC invocations=2 (full 0):
 PSYoungGen      total 75776K, used 9510K [0x000000076b580000, 0x0000000774980000, 0x00000007c0000000)
  eden space 65024K, 0% used [0x000000076b580000,0x000000076b580000,0x000000076f500000)
  from space 10752K, 88% used [0x000000076ff80000,0x00000007708c9858,0x0000000770a00000)
  to   space 10752K, 0% used [0x000000076f500000,0x000000076f500000,0x000000076ff80000)
 ParOldGen       total 173568K, used 24K [0x00000006c2000000, 0x00000006cc980000, 0x000000076b580000)
  object space 173568K, 0% used [0x00000006c2000000,0x00000006c2006000,0x00000006cc980000)
 Metaspace       used 18177K, capacity 18928K, committed 19072K, reserved 1067008K
  class space    used 2222K, capacity 2395K, committed 2432K, reserved 1048576K
}
Event: 3.147 GC heap before
{Heap before GC invocations=3 (full 0):
 PSYoungGen      total 75776K, used 37629K [0x000000076b580000, 0x0000000774980000, 0x00000007c0000000)
  eden space 65024K, 43% used [0x000000076b580000,0x000000076d0f5d18,0x000000076f500000)
  from space 10752K, 88% used [0x000000076ff80000,0x00000007708c9858,0x0000000770a00000)
  to   space 10752K, 0% used [0x000000076f500000,0x000000076f500000,0x000000076ff80000)
 ParOldGen       total 173568K, used 24K [0x00000006c2000000, 0x00000006cc980000, 0x000000076b580000)
  object space 173568K, 0% used [0x00000006c2000000,0x00000006c2006000,0x00000006cc980000)
 Metaspace       used 20334K, capacity 21142K, committed 21296K, reserved 1069056K
  class space    used 2503K, capacity 2672K, committed 2688K, reserved 1048576K
Event: 3.154 GC heap after
Heap after GC invocations=3 (full 0):
 PSYoungGen      total 75776K, used 6740K [0x000000076b580000, 0x0000000774980000, 0x00000007c0000000)
  eden space 65024K, 0% used [0x000000076b580000,0x000000076b580000,0x000000076f500000)
  from space 10752K, 62% used [0x000000076f500000,0x000000076fb95118,0x000000076ff80000)
  to   space 10752K, 0% used [0x0000000773f00000,0x0000000773f00000,0x0000000774980000)
 ParOldGen       total 173568K, used 32K [0x00000006c2000000, 0x00000006cc980000, 0x000000076b580000)
  object space 173568K, 0% used [0x00000006c2000000,0x00000006c2008000,0x00000006cc980000)
 Metaspace       used 20334K, capacity 21142K, committed 21296K, reserved 1069056K
  class space    used 2503K, capacity 2672K, committed 2688K, reserved 1048576K
}
Event: 3.154 GC heap before
{Heap before GC invocations=4 (full 1):
 PSYoungGen      total 75776K, used 6740K [0x000000076b580000, 0x0000000774980000, 0x00000007c0000000)
  eden space 65024K, 0% used [0x000000076b580000,0x000000076b580000,0x000000076f500000)
  from space 10752K, 62% used [0x000000076f500000,0x000000076fb95118,0x000000076ff80000)
  to   space 10752K, 0% used [0x0000000773f00000,0x0000000773f00000,0x0000000774980000)
 ParOldGen       total 173568K, used 32K [0x00000006c2000000, 0x00000006cc980000, 0x000000076b580000)
  object space 173568K, 0% used [0x00000006c2000000,0x00000006c2008000,0x00000006cc980000)
 Metaspace       used 20334K, capacity 21142K, committed 21296K, reserved 1069056K
  class space    used 2503K, capacity 2672K, committed 2688K, reserved 1048576K
Event: 3.200 GC heap after
Heap after GC invocations=4 (full 1):
 PSYoungGen      total 75776K, used 0K [0x000000076b580000, 0x0000000774980000, 0x00000007c0000000)
  eden space 65024K, 0% used [0x000000076b580000,0x000000076b580000,0x000000076f500000)
  from space 10752K, 0% used [0x000000076f500000,0x000000076f500000,0x000000076ff80000)
  to   space 10752K, 0% used [0x0000000773f00000,0x0000000773f00000,0x0000000774980000)
 ParOldGen       total 106496K, used 6544K [0x00000006c2000000, 0x00000006c8800000, 0x000000076b580000)
  object space 106496K, 6% used [0x00000006c2000000,0x00000006c2664330,0x00000006c8800000)
 Metaspace       used 20334K, capacity 21142K, committed 21296K, reserved 1069056K
  class space    used 2503K, capacity 2672K, committed 2688K, reserved 1048576K
}
Event: 4.684 GC heap before
{Heap before GC invocations=5 (full 1):
 PSYoungGen      total 75776K, used 65024K [0x000000076b580000, 0x0000000774980000, 0x00000007c0000000)
  eden space 65024K, 100% used [0x000000076b580000,0x000000076f500000,0x000000076f500000)
  from space 10752K, 0% used [0x000000076f500000,0x000000076f500000,0x000000076ff80000)
  to   space 10752K, 0% used [0x0000000773f00000,0x0000000773f00000,0x0000000774980000)
 ParOldGen       total 106496K, used 6544K [0x00000006c2000000, 0x00000006c8800000, 0x000000076b580000)
  object space 106496K, 6% used [0x00000006c2000000,0x00000006c2664330,0x00000006c8800000)
 Metaspace       used 23426K, capacity 24710K, committed 24960K, reserved 1071104K
  class space    used 2923K, capacity 3163K, committed 3200K, reserved 1048576K
Event: 4.707 GC heap after
Heap after GC invocations=5 (full 1):
 PSYoungGen      total 102400K, used 5835K [0x000000076b580000, 0x0000000774500000, 0x00000007c0000000)
  eden space 96256K, 0% used [0x000000076b580000,0x000000076b580000,0x0000000771380000)
  from space 6144K, 94% used [0x0000000773f00000,0x00000007744b2f68,0x0000000774500000)
  to   space 10752K, 0% used [0x0000000773000000,0x0000000773000000,0x0000000773a80000)
 ParOldGen       total 106496K, used 6552K [0x00000006c2000000, 0x00000006c8800000, 0x000000076b580000)
  object space 106496K, 6% used [0x00000006c2000000,0x00000006c2666330,0x00000006c8800000)
 Metaspace       used 23426K, capacity 24710K, committed 24960K, reserved 1071104K
  class space    used 2923K, capacity 3163K, committed 3200K, reserved 1048576K
}

